c:\users\chris\documents\college\2017-2018\fall\cse 287\lab10\cse287lab\debug\vc140.pdb
c:\users\chris\documents\college\2017-2018\fall\cse 287\lab10\cse287lab\debug\vc140.idb
c:\users\chris\documents\college\2017-2018\fall\cse 287\lab10\cse287lab\debug\basicincludesanddefines.obj
c:\users\chris\documents\college\2017-2018\fall\cse 287\lab10\cse287lab\debug\framebuffer.obj
c:\users\chris\documents\college\2017-2018\fall\cse 287\lab10\cse287lab\debug\lab.obj
c:\users\chris\documents\college\2017-2018\fall\cse 287\lab10\cse287lab\debug\perfragmentoperations.obj
c:\users\chris\documents\college\2017-2018\fall\cse 287\lab10\cse287lab\debug\rasterization.obj
c:\users\chris\documents\college\2017-2018\fall\cse 287\lab10\cse287lab\debug\pervertexoperations.obj
c:\users\chris\documents\college\2017-2018\fall\cse 287\lab10\cse287lab\debug\basicincludesanddefines.nativecodeanalysis.xml
c:\users\chris\documents\college\2017-2018\fall\cse 287\lab10\cse287lab\debug\framebuffer.nativecodeanalysis.xml
c:\users\chris\documents\college\2017-2018\fall\cse 287\lab10\cse287lab\debug\lab.nativecodeanalysis.xml
c:\users\chris\documents\college\2017-2018\fall\cse 287\lab10\cse287lab\debug\perfragmentoperations.nativecodeanalysis.xml
c:\users\chris\documents\college\2017-2018\fall\cse 287\lab10\cse287lab\debug\rasterization.nativecodeanalysis.xml
c:\users\chris\documents\college\2017-2018\fall\cse 287\lab10\cse287lab\debug\pervertexoperations.nativecodeanalysis.xml
c:\users\chris\documents\college\2017-2018\fall\cse 287\lab10\debug\cse287lab.ilk
c:\users\chris\documents\college\2017-2018\fall\cse 287\lab10\debug\cse287lab.exe
c:\users\chris\documents\college\2017-2018\fall\cse 287\lab10\debug\cse287lab.pdb
c:\users\chris\documents\college\2017-2018\fall\cse 287\lab10\cse287lab\debug\nativecodeanalysis.read.1.tlog
c:\users\chris\documents\college\2017-2018\fall\cse 287\lab10\cse287lab\debug\vc.nativecodeanalysis.all.xml
c:\users\chris\documents\college\2017-2018\fall\cse 287\lab10\debug\cse287lab.exe.lastcodeanalysissucceeded
c:\users\chris\documents\college\2017-2018\fall\cse 287\lab10\cse287lab\debug\cse287lab.tlog\cl.command.1.tlog
c:\users\chris\documents\college\2017-2018\fall\cse 287\lab10\cse287lab\debug\cse287lab.tlog\cl.read.1.tlog
c:\users\chris\documents\college\2017-2018\fall\cse 287\lab10\cse287lab\debug\cse287lab.tlog\cl.write.1.tlog
c:\users\chris\documents\college\2017-2018\fall\cse 287\lab10\cse287lab\debug\cse287lab.tlog\link.command.1.tlog
c:\users\chris\documents\college\2017-2018\fall\cse 287\lab10\cse287lab\debug\cse287lab.tlog\link.read.1.tlog
c:\users\chris\documents\college\2017-2018\fall\cse 287\lab10\cse287lab\debug\cse287lab.tlog\link.write.1.tlog
